[main] INFO com.app.registre.Main - Lancement de l'application...
[JavaFX Application Thread] WARN com.app.registre.Main - Erreur lors du choix de l'emplacement DB, utilisation de la valeur par défaut: Cannot invoke "javafx.scene.Scene.getStylesheets()" because "<local5>" is null
[JavaFX Application Thread] INFO com.app.registre.Main - Initialisation des utilisateurs et affichage de la fenêtre de connexion...
[JavaFX Application Thread] INFO com.app.registre.dao.Database - Existing operations columns before migration: [id, op, imp, designation, nature, n, budg, exercice, beneficiaire, date_emission, date_entree, date_visa, date_rejet, decision, motif_rejet, date_reponse, contenu_reponse, mois, op_or, ov_cheq_type, ov_cheq, recette, sur_ram, sur_eng, depense, solde, montant]
[JavaFX Application Thread] INFO com.app.registre.dao.Database - No migration needed for operations table (columns match desired schema)
[JavaFX Application Thread] INFO com.app.registre.Main - Chargement du FXML principal...
[JavaFX Application Thread] INFO com.app.registre.Main - FXML chargé avec succès
[JavaFX Application Thread] INFO com.app.registre.Main - CSS chargé
[JavaFX Application Thread] INFO com.app.registre.Main - Icône chargée
[JavaFX Application Thread] INFO com.app.registre.Main - Application démarrée avec succès
[UpdateService] Tentative de chargement de UpdateServiceImpl...
[UpdateService] UpdateServiceImpl chargé avec succès
[UpdateService] Méthode checkForUpdatesAndPrompt trouvée, invocation...
[UpdateServiceImpl] D??marrage de la v??rification des mises ??  jour...
[UpdateServiceImpl] Lecture du manifest depuis: https://github.com/aissatahri/registre-comptable/releases/latest/download/update4j.xml
[UpdateService] UpdateServiceImpl.checkForUpdatesAndPrompt() appelé
[UpdateServiceImpl] Manifest t??l??charg?? avec succ??s
[UpdateServiceImpl] Version distante: 1.3.6
[UpdateServiceImpl] Configuration charg??e
[UpdateServiceImpl] Traitement du r??sultat...
[UpdateServiceImpl] Version locale: 1.3.6
[UpdateServiceImpl] Version plus r??cente disponible? false
